   Compiling dongle-contract v0.1.0 (C:\Users\user\Dongle-Smartcontract\dongle-smartcontract)
warning: unused import: `crate::constants::MAX_CID_LEN`
 --> src\verification_registry.rs:3:5
  |
3 | use crate::constants::MAX_CID_LEN;
  |     ^^^^^^^^^^^^^^^^^^^^^^^^^^^^^
  |
  = note: `#[warn(unused_imports)]` (part of `#[warn(unused)]`) on by default

warning: unused imports: `publish_verification_approved_event`, `publish_verification_rejected_event`, and `publish_verification_requested_event`
 --> src\verification_registry.rs:6:5
  |
6 |     publish_verification_approved_event, publish_verification_rejected_event,
  |     ^^^^^^^^^^^^^^^^^^^^^^^^^^^^^^^^^^^  ^^^^^^^^^^^^^^^^^^^^^^^^^^^^^^^^^^^
7 |     publish_verification_requested_event,
  |     ^^^^^^^^^^^^^^^^^^^^^^^^^^^^^^^^^^^^

warning: unused import: `DataKey`
 --> src\verification_registry.rs:9:60
  |
9 | use crate::types::{VerificationRecord, VerificationStatus, DataKey};
  |                                                            ^^^^^^^

warning: unused imports: `publish_fee_paid_event` and `publish_fee_set_event`
 --> src\fee_manager.rs:4:21
  |
4 | use crate::events::{publish_fee_paid_event, publish_fee_set_event};
  |                     ^^^^^^^^^^^^^^^^^^^^^^  ^^^^^^^^^^^^^^^^^^^^^

warning: unused import: `DataKey`
 --> src\fee_manager.rs:5:31
  |
5 | use crate::types::{FeeConfig, DataKey};
  |                               ^^^^^^^

warning: unused import: `FeeConfig`
  --> src\lib.rs:22:50
   |
22 | use types::{Project, Review, VerificationRecord, FeeConfig};
   |                                                  ^^^^^^^^^

warning: variable does not need to be mutable
  --> src\review_registry.rs:78:17
   |
78 |             let mut user_reviews: soroban_sdk::Vec<u64> = env
   |                 ----^^^^^^^^^^^^
   |                 |
   |                 help: remove this `mut`
   |
   = note: `#[warn(unused_mut)]` (part of `#[warn(unused)]`) on by default

warning: unused variable: `env`
  --> src\verification_registry.rs:16:9
   |
16 |         env: &Env,
   |         ^^^ help: if this is intentional, prefix it with an underscore: `_env`
   |
   = note: `#[warn(unused_variables)]` (part of `#[warn(unused)]`) on by default

warning: unused variable: `project_id`
  --> src\verification_registry.rs:17:9
   |
17 |         project_id: u64,
   |         ^^^^^^^^^^ help: if this is intentional, prefix it with an underscore: `_project_id`

warning: unused variable: `requester`
  --> src\verification_registry.rs:18:9
   |
18 |         requester: Address,
   |         ^^^^^^^^^ help: if this is intentional, prefix it with an underscore: `_requester`

warning: unused variable: `evidence_cid`
  --> src\verification_registry.rs:19:9
   |
19 |         evidence_cid: String,
   |         ^^^^^^^^^^^^ help: if this is intentional, prefix it with an underscore: `_evidence_cid`

warning: `dongle-contract` (lib) generated 11 warnings (run `cargo fix --lib -p dongle-contract` to apply 11 suggestions)
    Finished `dev` profile [unoptimized + debuginfo] target(s) in 4.33s
